  mraes.c
  mralloc.c
  mrarth0.c
  mrarth1.c
C:\Users\86158\Desktop\SM2\C\Mircal\Mircal\mrarth1.c(147,14): warning C4101: “ldres”: 未引用的局部变量
C:\Users\86158\Desktop\SM2\C\Mircal\Mircal\mrarth1.c(424,14): warning C4101: “ldres”: 未引用的局部变量
  mrarth2.c
C:\Users\86158\Desktop\SM2\C\Mircal\Mircal\mrarth2.c(112,14): warning C4101: “ldres”: 未引用的局部变量
C:\Users\86158\Desktop\SM2\C\Mircal\Mircal\mrarth2.c(884,14): warning C4101: “ldres”: 未引用的局部变量
  mrarth3.c
  mrbits.c
  mrbrick.c
  mrbuild.c
  mrcore.c
C:\Users\86158\Desktop\SM2\C\Mircal\Mircal\mrcore.c(252,14): warning C4101: “ldres”: 未引用的局部变量
C:\Users\86158\Desktop\SM2\C\Mircal\Mircal\mrcore.c(341,5): warning C4101: “i”: 未引用的局部变量
  mrcrt.c
  mrcurve.c
  mrdouble.c
  mrebrick.c
  mrec2m.c
  mrecn2.c
  mrfast.c
C:\Users\86158\Desktop\SM2\C\Mircal\Mircal\mrfast.c(207,19): warning C4101: “ldres”: 未引用的局部变量
C:\Users\86158\Desktop\SM2\C\Mircal\Mircal\mrfast.c(357,19): warning C4101: “ldres”: 未引用的局部变量
  mrflash.c
  mrflsh1.c
  mrflsh2.c
  正在生成代码...
  正在编译...
  mrflsh3.c
  mrflsh4.c
  mrfpe.c
  mrfrnd.c
  mrgcd.c
  mrgcm.c
  mrgf2m.c
C:\Users\86158\Desktop\SM2\C\Mircal\Mircal\mrgf2m.c(382,9): warning C4101: “k”: 未引用的局部变量
C:\Users\86158\Desktop\SM2\C\Mircal\Mircal\mrgf2m.c(643,11): warning C4101: “j”: 未引用的局部变量
C:\Users\86158\Desktop\SM2\C\Mircal\Mircal\mrgf2m.c(644,16): warning C4101: “t”: 未引用的局部变量
C:\Users\86158\Desktop\SM2\C\Mircal\Mircal\mrgf2m.c(644,18): warning C4101: “r”: 未引用的局部变量
  mrio1.c
  mrio2.c
  mrjack.c
  mrlucas.c
  mrmonty.c
C:\Users\86158\Desktop\SM2\C\Mircal\Mircal\mrmonty.c(314,20): warning C4101: “ldres”: 未引用的局部变量
  mrpi.c
  mrpower.c
  mrprime.c
  mrrand.c
  mrround.c
  mrscrt.c
  mrsha3.c
  mrshs.c
  正在生成代码...
  正在编译...
  mrshs256.c
  mrshs512.c
  mrsmall.c
  mrsroot.c
  mrstrong.c
  mrxgcd.c
  mrzzn2.c
  mrzzn2b.c
  mrzzn3.c
  mrzzn4.c
  正在生成代码...
  Mircal.vcxproj -> C:\Users\86158\Desktop\SM2\C\Mircal\Debug\Mircal.lib
