cl : 命令行 warning D9025: 正在重写“/sdl”(用“/GS-”)
  BigUtil.c
C:\Users\86158\Desktop\SM2\C\SM2\SM2\BigUtil.c(6,1): warning C4267: “初始化”: 从“size_t”转换到“int”，可能丢失数据
C:\Users\86158\Desktop\SM2\C\SM2\SM2\BigUtil.c(20,1): warning C4267: “初始化”: 从“size_t”转换到“int”，可能丢失数据
C:\Users\86158\Desktop\SM2\C\SM2\SM2\BigUtil.c(34,1): warning C4267: “初始化”: 从“size_t”转换到“int”，可能丢失数据
C:\Users\86158\Desktop\SM2\C\SM2\SM2\BigUtil.c(48,1): warning C4267: “初始化”: 从“size_t”转换到“int”，可能丢失数据
C:\Users\86158\Desktop\SM2\C\SM2\SM2\BigUtil.c(61,56): warning C4267: “函数”: 从“size_t”转换到“int”，可能丢失数据
C:\Users\86158\Desktop\SM2\C\SM2\SM2\BigUtil.c(64,56): warning C4267: “函数”: 从“size_t”转换到“int”，可能丢失数据
C:\Users\86158\Desktop\SM2\C\SM2\SM2\BigUtil.c(59,1): warning C4267: “初始化”: 从“size_t”转换到“int”，可能丢失数据
C:\Users\86158\Desktop\SM2\C\SM2\SM2\BigUtil.c(81,56): warning C4267: “函数”: 从“size_t”转换到“int”，可能丢失数据
C:\Users\86158\Desktop\SM2\C\SM2\SM2\BigUtil.c(84,56): warning C4267: “函数”: 从“size_t”转换到“int”，可能丢失数据
C:\Users\86158\Desktop\SM2\C\SM2\SM2\BigUtil.c(79,1): warning C4267: “初始化”: 从“size_t”转换到“int”，可能丢失数据
C:\Users\86158\Desktop\SM2\C\SM2\SM2\BigUtil.c(100,1): warning C4267: “初始化”: 从“size_t”转换到“int”，可能丢失数据
C:\Users\86158\Desktop\SM2\C\SM2\SM2\BigUtil.c(124,1): warning C4267: “初始化”: 从“size_t”转换到“int”，可能丢失数据
C:\Users\86158\Desktop\SM2\C\SM2\SM2\BigUtil.c(144,1): warning C4267: “初始化”: 从“size_t”转换到“int”，可能丢失数据
  ECC.c
C:\Users\86158\Desktop\SM2\C\SM2\SM2\ECC.c(67,1): warning C4267: “初始化”: 从“size_t”转换到“int”，可能丢失数据
  KDF.c
C:\Users\86158\Desktop\SM2\C\SM2\SM2\KDF.c(10,3): warning C4996: 'strcat': This function or variable may be unsafe. Consider using strcat_s instead. To disable deprecation, use _CRT_SECURE_NO_WARNINGS. See online help for details.
C:\Users\86158\Desktop\SM2\C\SM2\SM2\KDF.c(11,3): warning C4996: 'strcat': This function or variable may be unsafe. Consider using strcat_s instead. To disable deprecation, use _CRT_SECURE_NO_WARNINGS. See online help for details.
C:\Users\86158\Desktop\SM2\C\SM2\SM2\KDF.c(14,3): warning C4996: 'strcat': This function or variable may be unsafe. Consider using strcat_s instead. To disable deprecation, use _CRT_SECURE_NO_WARNINGS. See online help for details.
C:\Users\86158\Desktop\SM2\C\SM2\SM2\KDF.c(19,2): warning C4996: 'strcat': This function or variable may be unsafe. Consider using strcat_s instead. To disable deprecation, use _CRT_SECURE_NO_WARNINGS. See online help for details.
C:\Users\86158\Desktop\SM2\C\SM2\SM2\KDF.c(20,2): warning C4996: 'strcat': This function or variable may be unsafe. Consider using strcat_s instead. To disable deprecation, use _CRT_SECURE_NO_WARNINGS. See online help for details.
C:\Users\86158\Desktop\SM2\C\SM2\SM2\KDF.c(25,3): warning C4996: 'strcat': This function or variable may be unsafe. Consider using strcat_s instead. To disable deprecation, use _CRT_SECURE_NO_WARNINGS. See online help for details.
C:\Users\86158\Desktop\SM2\C\SM2\SM2\KDF.c(28,3): warning C4996: 'strcat': This function or variable may be unsafe. Consider using strcat_s instead. To disable deprecation, use _CRT_SECURE_NO_WARNINGS. See online help for details.
  main.c
  Montgomery.c
  parameter.c
  SM2.c
C:\Users\86158\Desktop\SM2\C\SM2\SM2\SM2.c(4,1): warning C4267: “初始化”: 从“size_t”转换到“int”，可能丢失数据
C:\Users\86158\Desktop\SM2\C\SM2\SM2\SM2.c(5,1): warning C4267: “初始化”: 从“size_t”转换到“int”，可能丢失数据
C:\Users\86158\Desktop\SM2\C\SM2\SM2\SM2.c(6,1): warning C4267: “初始化”: 从“size_t”转换到“int”，可能丢失数据
C:\Users\86158\Desktop\SM2\C\SM2\SM2\SM2.c(8,2): warning C4996: 'strcat': This function or variable may be unsafe. Consider using strcat_s instead. To disable deprecation, use _CRT_SECURE_NO_WARNINGS. See online help for details.
C:\Users\86158\Desktop\SM2\C\SM2\SM2\SM2.c(9,2): warning C4996: 'strcat': This function or variable may be unsafe. Consider using strcat_s instead. To disable deprecation, use _CRT_SECURE_NO_WARNINGS. See online help for details.
C:\Users\86158\Desktop\SM2\C\SM2\SM2\SM2.c(10,2): warning C4996: 'strcat': This function or variable may be unsafe. Consider using strcat_s instead. To disable deprecation, use _CRT_SECURE_NO_WARNINGS. See online help for details.
C:\Users\86158\Desktop\SM2\C\SM2\SM2\SM2.c(11,2): warning C4996: 'strcat': This function or variable may be unsafe. Consider using strcat_s instead. To disable deprecation, use _CRT_SECURE_NO_WARNINGS. See online help for details.
C:\Users\86158\Desktop\SM2\C\SM2\SM2\SM2.c(12,2): warning C4996: 'strcat': This function or variable may be unsafe. Consider using strcat_s instead. To disable deprecation, use _CRT_SECURE_NO_WARNINGS. See online help for details.
C:\Users\86158\Desktop\SM2\C\SM2\SM2\SM2.c(13,2): warning C4996: 'strcat': This function or variable may be unsafe. Consider using strcat_s instead. To disable deprecation, use _CRT_SECURE_NO_WARNINGS. See online help for details.
C:\Users\86158\Desktop\SM2\C\SM2\SM2\SM2.c(14,2): warning C4996: 'strcat': This function or variable may be unsafe. Consider using strcat_s instead. To disable deprecation, use _CRT_SECURE_NO_WARNINGS. See online help for details.
C:\Users\86158\Desktop\SM2\C\SM2\SM2\SM2.c(15,2): warning C4996: 'strcat': This function or variable may be unsafe. Consider using strcat_s instead. To disable deprecation, use _CRT_SECURE_NO_WARNINGS. See online help for details.
C:\Users\86158\Desktop\SM2\C\SM2\SM2\SM2.c(19,2): warning C4996: 'strcat': This function or variable may be unsafe. Consider using strcat_s instead. To disable deprecation, use _CRT_SECURE_NO_WARNINGS. See online help for details.
C:\Users\86158\Desktop\SM2\C\SM2\SM2\SM2.c(29,39): warning C4013: “JacobiPoint2BasicPoint”未定义；假设外部返回 int
C:\Users\86158\Desktop\SM2\C\SM2\SM2\SM2.c(29,1): warning C4047: “初始化”:“Point *”与“int”的间接级别不同
C:\Users\86158\Desktop\SM2\C\SM2\SM2\SM2.c(49,36): warning C4133: “函数”: 从“String *”到“char *”的类型不兼容
C:\Users\86158\Desktop\SM2\C\SM2\SM2\SM2.c(45,1): warning C4047: “初始化”:“Point *”与“int”的间接级别不同
C:\Users\86158\Desktop\SM2\C\SM2\SM2\SM2.c(48,1): warning C4047: “初始化”:“Point *”与“int”的间接级别不同
C:\Users\86158\Desktop\SM2\C\SM2\SM2\SM2.c(57,1): warning C4047: “初始化”:“Point *”与“int”的间接级别不同
C:\Users\86158\Desktop\SM2\C\SM2\SM2\SM2.c(60,2): warning C4996: 'strcat': This function or variable may be unsafe. Consider using strcat_s instead. To disable deprecation, use _CRT_SECURE_NO_WARNINGS. See online help for details.
C:\Users\86158\Desktop\SM2\C\SM2\SM2\SM2.c(61,2): warning C4996: 'strcat': This function or variable may be unsafe. Consider using strcat_s instead. To disable deprecation, use _CRT_SECURE_NO_WARNINGS. See online help for details.
C:\Users\86158\Desktop\SM2\C\SM2\SM2\SM2.c(65,1): warning C4047: “初始化”:“Point *”与“int”的间接级别不同
C:\Users\86158\Desktop\SM2\C\SM2\SM2\SM2.c(67,1): warning C4267: “初始化”: 从“size_t”转换到“int”，可能丢失数据
C:\Users\86158\Desktop\SM2\C\SM2\SM2\SM2.c(70,2): warning C4996: 'strcat': This function or variable may be unsafe. Consider using strcat_s instead. To disable deprecation, use _CRT_SECURE_NO_WARNINGS. See online help for details.
C:\Users\86158\Desktop\SM2\C\SM2\SM2\SM2.c(75,2): warning C4996: 'strcat': This function or variable may be unsafe. Consider using strcat_s instead. To disable deprecation, use _CRT_SECURE_NO_WARNINGS. See online help for details.
C:\Users\86158\Desktop\SM2\C\SM2\SM2\SM2.c(76,2): warning C4996: 'strcat': This function or variable may be unsafe. Consider using strcat_s instead. To disable deprecation, use _CRT_SECURE_NO_WARNINGS. See online help for details.
C:\Users\86158\Desktop\SM2\C\SM2\SM2\SM2.c(80,2): warning C4996: 'strcat': This function or variable may be unsafe. Consider using strcat_s instead. To disable deprecation, use _CRT_SECURE_NO_WARNINGS. See online help for details.
C:\Users\86158\Desktop\SM2\C\SM2\SM2\SM2.c(81,2): warning C4996: 'strcat': This function or variable may be unsafe. Consider using strcat_s instead. To disable deprecation, use _CRT_SECURE_NO_WARNINGS. See online help for details.
C:\Users\86158\Desktop\SM2\C\SM2\SM2\SM2.c(88,43): warning C4267: “函数”: 从“size_t”转换到“int”，可能丢失数据
C:\Users\86158\Desktop\SM2\C\SM2\SM2\SM2.c(93,59): warning C4047: “=”:“Point *”与“int”的间接级别不同
C:\Users\86158\Desktop\SM2\C\SM2\SM2\SM2.c(96,2): warning C4996: 'strcat': This function or variable may be unsafe. Consider using strcat_s instead. To disable deprecation, use _CRT_SECURE_NO_WARNINGS. See online help for details.
C:\Users\86158\Desktop\SM2\C\SM2\SM2\SM2.c(102,2): warning C4996: 'strcat': This function or variable may be unsafe. Consider using strcat_s instead. To disable deprecation, use _CRT_SECURE_NO_WARNINGS. See online help for details.
C:\Users\86158\Desktop\SM2\C\SM2\SM2\SM2.c(103,2): warning C4996: 'strcat': This function or variable may be unsafe. Consider using strcat_s instead. To disable deprecation, use _CRT_SECURE_NO_WARNINGS. See online help for details.
  SM3.c
C:\Users\86158\Desktop\SM2\C\SM2\SM2\SM3.c(37,30): warning C4244: “=”: 从“Register64”转换到“Register32”，可能丢失数据
C:\Users\86158\Desktop\SM2\C\SM2\SM2\SM3.c(89,3): warning C4996: 'strcat': This function or variable may be unsafe. Consider using strcat_s instead. To disable deprecation, use _CRT_SECURE_NO_WARNINGS. See online help for details.
  TransformData.c
C:\Users\86158\Desktop\SM2\C\SM2\SM2\TransformData.c(6,36): warning C4267: “=”: 从“size_t”转换到“int”，可能丢失数据
C:\Users\86158\Desktop\SM2\C\SM2\SM2\TransformData.c(22,3): warning C4996: 'strcat': This function or variable may be unsafe. Consider using strcat_s instead. To disable deprecation, use _CRT_SECURE_NO_WARNINGS. See online help for details.
C:\Users\86158\Desktop\SM2\C\SM2\SM2\TransformData.c(23,3): warning C4996: 'strcat': This function or variable may be unsafe. Consider using strcat_s instead. To disable deprecation, use _CRT_SECURE_NO_WARNINGS. See online help for details.
C:\Users\86158\Desktop\SM2\C\SM2\SM2\TransformData.c(25,4): warning C4996: 'strcat': This function or variable may be unsafe. Consider using strcat_s instead. To disable deprecation, use _CRT_SECURE_NO_WARNINGS. See online help for details.
C:\Users\86158\Desktop\SM2\C\SM2\SM2\TransformData.c(27,3): warning C4996: 'strcat': This function or variable may be unsafe. Consider using strcat_s instead. To disable deprecation, use _CRT_SECURE_NO_WARNINGS. See online help for details.
C:\Users\86158\Desktop\SM2\C\SM2\SM2\TransformData.c(94,52): warning C4554: “<<”: 检查运算符优先级是否存在的可能的错误；使用括号阐明优先级
C:\Users\86158\Desktop\SM2\C\SM2\SM2\TransformData.c(93,1): warning C4267: “初始化”: 从“size_t”转换到“int”，可能丢失数据
C:\Users\86158\Desktop\SM2\C\SM2\SM2\TransformData.c(98,3): warning C4996: 'strcat': This function or variable may be unsafe. Consider using strcat_s instead. To disable deprecation, use _CRT_SECURE_NO_WARNINGS. See online help for details.
  正在生成代码...
C:\Users\86158\Desktop\SM2\C\SM2\SM2\SM2.c(34): warning C4700: 使用了未初始化的局部变量“signature_info”
BigUtil.obj : error LNK2019: 无法解析的外部符号 mr_and，函数 BigAnd 中引用了该符号
BigUtil.obj : error LNK2019: 无法解析的外部符号 mr_xor，函数 BigXor 中引用了该符号
BigUtil.obj : error LNK2019: 无法解析的外部符号 mirvar，函数 BigAdd 中引用了该符号
BigUtil.obj : error LNK2019: 无法解析的外部符号 copy，函数 BigCopy 中引用了该符号
BigUtil.obj : error LNK2019: 无法解析的外部符号 mr_compare，函数 BigCompare 中引用了该符号
BigUtil.obj : error LNK2019: 无法解析的外部符号 add，函数 BigAdd 中引用了该符号
BigUtil.obj : error LNK2019: 无法解析的外部符号 subtract，函数 BigSub 中引用了该符号
BigUtil.obj : error LNK2019: 无法解析的外部符号 subdivisible，函数 BigDivisible 中引用了该符号
BigUtil.obj : error LNK2019: 无法解析的外部符号 multiply，函数 BigMultilpy 中引用了该符号
BigUtil.obj : error LNK2019: 无法解析的外部符号 cinstr，函数 BigAdd 中引用了该符号
BigUtil.obj : error LNK2019: 无法解析的外部符号 cotstr，函数 BigAdd 中引用了该符号
BigUtil.obj : error LNK2019: 无法解析的外部符号 sftbit，函数 BigShift 中引用了该符号
main.obj : error LNK2019: 无法解析的外部符号 mirsys，函数 main 中引用了该符号
C:\Users\86158\Desktop\SM2\C\SM2\x64\Debug\SM2.exe : fatal error LNK1120: 13 个无法解析的外部命令
